{"/home/laura/repositories/CI-CD/src/duplicateCode.ts": {"path":"/home/laura/repositories/CI-CD/src/duplicateCode.ts","statementMap":{"0":{"start":{"line":2,"column":4},"end":{"line":2,"column":23}}},"fnMap":{"0":{"name":"sum","decl":{"start":{"line":1,"column":16},"end":{"line":1,"column":19}},"loc":{"start":{"line":1,"column":40},"end":{"line":3,"column":1}},"line":1}},"branchMap":{},"s":{"0":1},"f":{"0":1},"b":{},"_coverageSchema":"1a1c01bbd47fc00a2c39e90264f33305004495a9","hash":"560d43ef1880d8f29316da41597fc9a6c5386755"}
}
